<?xml version="1.0" encoding="UTF-8"?>
<!-- Generated by org.testng.reporters.JUnitReportReporter -->
<testsuite skipped="0" hostname="mushfik" name="Test.Homepage2" tests="1" failures="0" timestamp="2020-01-09T20:36:40 EST" time="22.625" errors="0">
  <testcase name="contactt" time="22.625" classname="Test.Homepage2"/>
  <system-out/>
</testsuite> <!-- Test.Homepage2 -->
