<?xml version="1.0" encoding="UTF-8"?>
<!-- Generated by org.testng.reporters.JUnitReportReporter -->
<testsuite skipped="0" hostname="mushfik" name="Test.Homepage" tests="1" failures="0" timestamp="2020-01-09T20:14:36 EST" time="13.471" errors="0">
  <testcase name="contactt" time="13.471" classname="Test.Homepage"/>
  <system-out/>
</testsuite> <!-- Test.Homepage -->
