<?xml version="1.0" encoding="UTF-8"?>
<!-- Generated by org.testng.reporters.JUnitReportReporter -->
<testsuite skipped="0" hostname="mushfik" name="Test.Contacttest" tests="5" failures="0" timestamp="2020-01-09T18:27:07 EST" time="39.151" errors="0">
  <testcase name="fbsocial" time="16.408" classname="Test.Contacttest"/>
  <system-out/>
  <testcase name="info" time="6.493" classname="Test.Contacttest"/>
  <system-out/>
  <testcase name="info" time="3.335" classname="Test.Contacttest"/>
  <system-out/>
  <testcase name="brow" time="10.785" classname="Test.Contacttest"/>
  <system-out/>
  <testcase name="cons" time="2.130" classname="Test.Contacttest"/>
  <system-out/>
</testsuite> <!-- Test.Contacttest -->
